<?xml version="1.0" encoding="UTF-8"?>
<testng-results ignored="0" total="3" passed="3" failed="0" skipped="0">
  <reporter-output>
  </reporter-output>
  <suite started-at="2021-03-31T12:27:06Z" name="Failed suite [Suite]" finished-at="2021-03-31T12:29:25Z" duration-ms="139242">
    <groups>
    </groups>
    <test started-at="2021-03-31T12:27:06Z" name="Test(failed)" finished-at="2021-03-31T12:29:25Z" duration-ms="139242">
      <class name="com.actitime.test.Acti_createWork_test">
        <test-method is-config="true" signature="openBrowser()[pri:0, instance:com.actitime.test.Acti_createWork_test@693fe6c9]" started-at="2021-03-31T12:27:06Z" name="openBrowser" finished-at="2021-03-31T12:27:31Z" duration-ms="24606" status="PASS">
          <reporter-output>
          </reporter-output>
        </test-method> <!-- openBrowser -->
        <test-method is-config="true" signature="logintoActi()[pri:0, instance:com.actitime.test.Acti_createWork_test@693fe6c9]" started-at="2021-03-31T12:27:31Z" name="logintoActi" finished-at="2021-03-31T12:27:32Z" duration-ms="1553" status="PASS">
          <reporter-output>
          </reporter-output>
        </test-method> <!-- logintoActi -->
        <test-method signature="work()[pri:0, instance:com.actitime.test.Acti_createWork_test@693fe6c9]" started-at="2021-03-31T12:27:32Z" name="work" finished-at="2021-03-31T12:27:58Z" duration-ms="25729" status="PASS">
          <reporter-output>
          </reporter-output>
        </test-method> <!-- work -->
        <test-method is-config="true" signature="logoutfromActi()[pri:0, instance:com.actitime.test.Acti_createWork_test@693fe6c9]" started-at="2021-03-31T12:27:58Z" name="logoutfromActi" finished-at="2021-03-31T12:28:00Z" duration-ms="2470" status="PASS">
          <reporter-output>
          </reporter-output>
        </test-method> <!-- logoutfromActi -->
        <test-method is-config="true" signature="closeBrowser()[pri:0, instance:com.actitime.test.Acti_createWork_test@693fe6c9]" started-at="2021-03-31T12:28:00Z" name="closeBrowser" finished-at="2021-03-31T12:28:01Z" duration-ms="939" status="PASS">
          <reporter-output>
          </reporter-output>
        </test-method> <!-- closeBrowser -->
      </class> <!-- com.actitime.test.Acti_createWork_test -->
      <class name="com.actitime.test.Acti_createCustomer_test">
        <test-method is-config="true" signature="openBrowser()[pri:0, instance:com.actitime.test.Acti_createCustomer_test@34f5090e]" started-at="2021-03-31T12:28:01Z" name="openBrowser" finished-at="2021-03-31T12:28:23Z" duration-ms="21751" status="PASS">
          <reporter-output>
          </reporter-output>
        </test-method> <!-- openBrowser -->
        <test-method is-config="true" signature="logintoActi()[pri:0, instance:com.actitime.test.Acti_createCustomer_test@34f5090e]" started-at="2021-03-31T12:28:23Z" name="logintoActi" finished-at="2021-03-31T12:28:24Z" duration-ms="568" status="PASS">
          <reporter-output>
          </reporter-output>
        </test-method> <!-- logintoActi -->
        <test-method signature="customer()[pri:0, instance:com.actitime.test.Acti_createCustomer_test@34f5090e]" started-at="2021-03-31T12:28:24Z" name="customer" finished-at="2021-03-31T12:28:39Z" duration-ms="15555" status="PASS">
          <reporter-output>
          </reporter-output>
        </test-method> <!-- customer -->
        <test-method is-config="true" signature="logoutfromActi()[pri:0, instance:com.actitime.test.Acti_createCustomer_test@34f5090e]" started-at="2021-03-31T12:28:39Z" name="logoutfromActi" finished-at="2021-03-31T12:28:40Z" duration-ms="1193" status="FAIL">
          <exception class="org.openqa.selenium.ElementClickInterceptedException">
            <message>
              <![CDATA[element click intercepted: Element <a href="/logout.do" id="logoutLink" class="logout">...</a> is not clickable at point (1309, 17). Other element would receive the click: <div class="loadingMoire anim-fade-out" style="display: flex;">...</div>
  (Session info: chrome=89.0.4389.90)
Build info: version: '4.0.0-alpha-5', revision: 'b3a0d621cc'
System info: host: 'DESKTOP-NILQHDA', ip: '192.168.43.26', os.name: 'Windows 10', os.arch: 'amd64', os.version: '10.0', java.version: '15.0.1'
Driver info: org.openqa.selenium.chrome.ChromeDriver
Capabilities {acceptInsecureCerts: false, browserName: chrome, browserVersion: 89.0.4389.90, chrome: {chromedriverVersion: 89.0.4389.23 (61b08ee2c5002..., userDataDir: C:\Users\USER\AppData\Local...}, goog:chromeOptions: {debuggerAddress: localhost:51352}, javascriptEnabled: true, networkConnectionEnabled: false, pageLoadStrategy: normal, platform: WINDOWS, platformName: WINDOWS, proxy: Proxy(), setWindowRect: true, strictFileInteractability: false, timeouts: {implicit: 0, pageLoad: 300000, script: 30000}, unhandledPromptBehavior: dismiss and notify, webauthn:extension:largeBlob: true, webauthn:virtualAuthenticators: true}
Session ID: 839fd85c902d2065cc38ae6b1c656a65]]>
            </message>
            <full-stacktrace>
              <![CDATA[org.openqa.selenium.ElementClickInterceptedException: element click intercepted: Element <a href="/logout.do" id="logoutLink" class="logout">...</a> is not clickable at point (1309, 17). Other element would receive the click: <div class="loadingMoire anim-fade-out" style="display: flex;">...</div>
  (Session info: chrome=89.0.4389.90)
Build info: version: '4.0.0-alpha-5', revision: 'b3a0d621cc'
System info: host: 'DESKTOP-NILQHDA', ip: '192.168.43.26', os.name: 'Windows 10', os.arch: 'amd64', os.version: '10.0', java.version: '15.0.1'
Driver info: org.openqa.selenium.chrome.ChromeDriver
Capabilities {acceptInsecureCerts: false, browserName: chrome, browserVersion: 89.0.4389.90, chrome: {chromedriverVersion: 89.0.4389.23 (61b08ee2c5002..., userDataDir: C:\Users\USER\AppData\Local...}, goog:chromeOptions: {debuggerAddress: localhost:51352}, javascriptEnabled: true, networkConnectionEnabled: false, pageLoadStrategy: normal, platform: WINDOWS, platformName: WINDOWS, proxy: Proxy(), setWindowRect: true, strictFileInteractability: false, timeouts: {implicit: 0, pageLoad: 300000, script: 30000}, unhandledPromptBehavior: dismiss and notify, webauthn:extension:largeBlob: true, webauthn:virtualAuthenticators: true}
Session ID: 839fd85c902d2065cc38ae6b1c656a65
at java.base/jdk.internal.reflect.NativeConstructorAccessorImpl.newInstance0(Native Method)
at java.base/jdk.internal.reflect.NativeConstructorAccessorImpl.newInstance(NativeConstructorAccessorImpl.java:64)
at java.base/jdk.internal.reflect.DelegatingConstructorAccessorImpl.newInstance(DelegatingConstructorAccessorImpl.java:45)
at java.base/java.lang.reflect.Constructor.newInstanceWithCaller(Constructor.java:500)
at java.base/java.lang.reflect.Constructor.newInstance(Constructor.java:481)
at org.openqa.selenium.remote.codec.w3c.W3CHttpResponseCodec.createException(W3CHttpResponseCodec.java:196)
at org.openqa.selenium.remote.codec.w3c.W3CHttpResponseCodec.decode(W3CHttpResponseCodec.java:129)
at org.openqa.selenium.remote.codec.w3c.W3CHttpResponseCodec.decode(W3CHttpResponseCodec.java:53)
at org.openqa.selenium.remote.HttpCommandExecutor.execute(HttpCommandExecutor.java:161)
at org.openqa.selenium.remote.service.DriverCommandExecutor.execute(DriverCommandExecutor.java:83)
at org.openqa.selenium.remote.RemoteWebDriver.execute(RemoteWebDriver.java:582)
at org.openqa.selenium.remote.RemoteWebElement.execute(RemoteWebElement.java:316)
at org.openqa.selenium.remote.RemoteWebElement.click(RemoteWebElement.java:85)
at java.base/jdk.internal.reflect.NativeMethodAccessorImpl.invoke0(Native Method)
at java.base/jdk.internal.reflect.NativeMethodAccessorImpl.invoke(NativeMethodAccessorImpl.java:64)
at java.base/jdk.internal.reflect.DelegatingMethodAccessorImpl.invoke(DelegatingMethodAccessorImpl.java:43)
at java.base/java.lang.reflect.Method.invoke(Method.java:564)
at org.openqa.selenium.support.pagefactory.internal.LocatingElementHandler.invoke(LocatingElementHandler.java:52)
at com.sun.proxy.$Proxy17.click(Unknown Source)
at com.actitime.pom.HomepageActi.logoutMethod(HomepageActi.java:36)
at com.actitime.generics.BaseTest.logoutfromActi(BaseTest.java:42)
at java.base/jdk.internal.reflect.NativeMethodAccessorImpl.invoke0(Native Method)
at java.base/jdk.internal.reflect.NativeMethodAccessorImpl.invoke(NativeMethodAccessorImpl.java:64)
at java.base/jdk.internal.reflect.DelegatingMethodAccessorImpl.invoke(DelegatingMethodAccessorImpl.java:43)
at java.base/java.lang.reflect.Method.invoke(Method.java:564)
at org.testng.internal.MethodInvocationHelper.invokeMethod(MethodInvocationHelper.java:124)
at org.testng.internal.MethodInvocationHelper.invokeMethodConsideringTimeout(MethodInvocationHelper.java:59)
at org.testng.internal.Invoker.invokeConfigurationMethod(Invoker.java:458)
at org.testng.internal.Invoker.invokeConfigurations(Invoker.java:222)
at org.testng.internal.Invoker.invokeMethod(Invoker.java:646)
at org.testng.internal.Invoker.invokeTestMethod(Invoker.java:719)
at org.testng.internal.Invoker.invokeTestMethods(Invoker.java:989)
at org.testng.internal.TestMethodWorker.invokeTestMethods(TestMethodWorker.java:125)
at org.testng.internal.TestMethodWorker.run(TestMethodWorker.java:109)
at org.testng.TestRunner.privateRun(TestRunner.java:648)
at org.testng.TestRunner.run(TestRunner.java:505)
at org.testng.SuiteRunner.runTest(SuiteRunner.java:455)
at org.testng.SuiteRunner.runSequentially(SuiteRunner.java:450)
at org.testng.SuiteRunner.privateRun(SuiteRunner.java:415)
at org.testng.SuiteRunner.run(SuiteRunner.java:364)
at org.testng.SuiteRunnerWorker.runSuite(SuiteRunnerWorker.java:52)
at org.testng.SuiteRunnerWorker.run(SuiteRunnerWorker.java:84)
at org.testng.TestNG.runSuitesSequentially(TestNG.java:1208)
at org.testng.TestNG.runSuitesLocally(TestNG.java:1137)
at org.testng.TestNG.runSuites(TestNG.java:1049)
at org.testng.TestNG.run(TestNG.java:1017)
at org.testng.remote.AbstractRemoteTestNG.run(AbstractRemoteTestNG.java:115)
at org.testng.remote.RemoteTestNG.initAndRun(RemoteTestNG.java:251)
at org.testng.remote.RemoteTestNG.main(RemoteTestNG.java:77)
]]>
            </full-stacktrace>
          </exception> <!-- org.openqa.selenium.ElementClickInterceptedException -->
          <reporter-output>
          </reporter-output>
        </test-method> <!-- logoutfromActi -->
        <test-method is-config="true" signature="closeBrowser()[pri:0, instance:com.actitime.test.Acti_createCustomer_test@34f5090e]" started-at="2021-03-31T12:28:40Z" name="closeBrowser" finished-at="2021-03-31T12:28:40Z" duration-ms="0" status="SKIP">
          <reporter-output>
          </reporter-output>
        </test-method> <!-- closeBrowser -->
      </class> <!-- com.actitime.test.Acti_createCustomer_test -->
      <class name="com.actitime.test.Acti_WorkDelete_test">
        <test-method is-config="true" signature="openBrowser()[pri:0, instance:com.actitime.test.Acti_WorkDelete_test@31e5415e]" started-at="2021-03-31T12:28:40Z" name="openBrowser" finished-at="2021-03-31T12:29:02Z" duration-ms="22012" status="PASS">
          <reporter-output>
          </reporter-output>
        </test-method> <!-- openBrowser -->
        <test-method is-config="true" signature="logintoActi()[pri:0, instance:com.actitime.test.Acti_WorkDelete_test@31e5415e]" started-at="2021-03-31T12:29:02Z" name="logintoActi" finished-at="2021-03-31T12:29:03Z" duration-ms="660" status="PASS">
          <reporter-output>
          </reporter-output>
        </test-method> <!-- logintoActi -->
        <test-method signature="workDelete()[pri:0, instance:com.actitime.test.Acti_WorkDelete_test@31e5415e]" started-at="2021-03-31T12:29:03Z" name="workDelete" finished-at="2021-03-31T12:29:19Z" duration-ms="16025" status="PASS">
          <reporter-output>
          </reporter-output>
        </test-method> <!-- workDelete -->
        <test-method is-config="true" signature="logoutfromActi()[pri:0, instance:com.actitime.test.Acti_WorkDelete_test@31e5415e]" started-at="2021-03-31T12:29:19Z" name="logoutfromActi" finished-at="2021-03-31T12:29:24Z" duration-ms="5216" status="PASS">
          <reporter-output>
          </reporter-output>
        </test-method> <!-- logoutfromActi -->
        <test-method is-config="true" signature="closeBrowser()[pri:0, instance:com.actitime.test.Acti_WorkDelete_test@31e5415e]" started-at="2021-03-31T12:29:24Z" name="closeBrowser" finished-at="2021-03-31T12:29:25Z" duration-ms="907" status="PASS">
          <reporter-output>
          </reporter-output>
        </test-method> <!-- closeBrowser -->
      </class> <!-- com.actitime.test.Acti_WorkDelete_test -->
    </test> <!-- Test(failed) -->
  </suite> <!-- Failed suite [Suite] -->
</testng-results>
